<?xml version="1.0" encoding="UTF-8" ?>

<project name="junit" basedir=".">

    <include file="common.xml" />

    <property name="remabs.tests.dir" location="${remabs.project.dir}\Tests" />
    <property name="remabs.tests.src" location="${remabs.tests.dir}\src" />

    <property name="analysis.dir" location="${user.dir}" />
    <property name="analysis.config" location="${analysis.dir}\config" />

    <property name="tests.dir" location="${analysis.dir}\tests" />

    <property name="tests.src" location="${tests.dir}\src" />
    <property name="tests.build" location="${tests.dir}\classes" />
    <property name="tests.report" location="${tests.dir}\report" />
    <property name="tests.libs" location="${tests.dir}\libs" />
    <property name="tests.config" location="${tests.dir}\config" />



    <!--
        This Task prints environment details.
    -->
    <target name="info" description="prints environment details">
        <echo />

        <echo message=" projects dir ...................... ${projects.dir}" />
        <echo />

        <echo message=" remabs project dir ................ ${remabs.project.dir}" />
        <echo message=" remabs submodules dir ............. ${remabs.project.dir}" />
        <echo />

        <echo message=" remabs common dir ................. ${remabs.common.dir}" />
        <echo message=" remabs common sources ............. ${remabs.common.src}" />

        <echo message=" remabs server dir ................. ${remabs.server.dir}" />
        <echo message=" remabs server sources ............. ${remabs.server.src}" />

        <echo message=" remabs math dir ................... ${remabs.math.dir}" />
        <echo message=" remabs math sources ............... ${remabs.math.src}" />

        <echo message=" remabs measures dir ............... ${remabs.measures.dir}" />
        <echo message=" remabs measures sources ........... ${remabs.measures.src}" />

        <echo message=" remabs persistence dir ............ ${remabs.persistence.dir}" />
        <echo message=" remabs persistence sources ........ ${remabs.persistence.src}" />

        <echo message=" remabs transformation dir ......... ${remabs.transformation.dir}" />
        <echo message=" remabs transformation sources ..... ${remabs.transformation.src}" />

        <echo message=" remabs utils dir .................. ${remabs.utils.dir}" />
        <echo message=" remabs utils sources .............. ${remabs.utils.src}" />
        
        <echo message=" remabs config dir ................. ${remabs.config.dir}" />
        <echo message=" remabs libs dir ................... ${remabs.libs.dir}" />
        <echo />

        <echo />
        <echo message=" analysis dir ...................... ${analysis.dir}" />
        <echo message=" analysis sources .................. ${analysis.src}" />
        <echo message=" analysis build .................... ${analysis.build}" />
        <echo message=" analysis configuration ............ ${analysis.config}" />
        <echo message=" analysis libs ..................... ${analysis.libs}" />
        <echo />

        <echo />
        <echo message=" basedir ........................... ${basedir}" />
        <echo message=" tests dir ......................... ${tests.dir}" />
        <echo />
        <echo message=" tests sources ..................... ${tests.src}" />
        <echo message=" tests build ....................... ${tests.build}" />
        <echo message=" tests libs ........................ ${tests.libs}" />
        <echo message=" tests reports ..................... ${tests.report}" />
        <echo message=" tests config ...................... ${tests.config}" />
    </target>


    <target name="clean">
        <delete dir="${tests.src}" />
        <delete dir="${tests.build}" />
        <delete dir="${tests.libs}" />
        <delete dir="${tests.report}" />
        <delete dir="${tests.config}" /> 
    </target>

    <target name="init">
        <mkdir dir="${tests.src}" />
        <mkdir dir="${tests.build}" />
        <mkdir dir="${tests.libs}" />
        <mkdir dir="${tests.report}" />
        <mkdir dir="${tests.config}" />
    </target>


    <target name="copy" depends="clean, init">
        <copy todir="${tests.src}">
            <fileset dir="${remabs.common.src}" includes="**" />
            <fileset dir="${remabs.server.src}" includes="**" />
            <fileset dir="${remabs.math.src}" includes="**" />
            <fileset dir="${remabs.measures.src}" includes="**" />
            <fileset dir="${remabs.persistence.src}" includes="**" />
            <fileset dir="${remabs.transformation.src}" includes="**" />
            <fileset dir="${remabs.utils.src}" includes="**" />
            <fileset dir="${remabs.tests.src}" includes="**" />
        </copy>
        
        <copy todir="${tests.config}">
            <fileset dir="${remabs.config.dir}" includes="**" />
        </copy>
        
        <copy todir="${tests.libs}">
            <fileset dir="${remabs.libs.dir}">
                <include name="Commons Lang\commons-lang3-3.2.1.jar" />
                <include name="JUnit\junit-4.11.jar" />
                <include name="JUnit\hamcrest-core-1.3.jar" />
            </fileset>
        </copy>
    </target>


    <target name="build" depends="copy">
        <javac includeantruntime="true"
            srcdir="${tests.src}"
            destdir="${tests.build}"
            verbose="on">
        
            <classpath>
                <pathelement location="${tests.libs}\Commons Lang\commons-lang3-3.2.1.jar" />
                <pathelement location="${tests.libs}\JUnit\junit-4.11.jar" />
                <pathelement location="${tests.libs}\JUnit\hamcrest-core-1.3.jar" />
            </classpath>
        </javac>
    </target>


    <target name="test" depends="build">
        <junit includeantruntime="true" printsummary="on" fork="yes">

            <!--
                see Stack Overflow
                http://stackoverflow.com/questions/466893/how-do-i-set-the-working-directory-for-the-ant-junit-task
            -->
            <jvmarg value="-Duser.dir=${tests.build}" />

            <classpath>
                <pathelement location="${tests.config}" />
                <pathelement location="${tests.build}" />
                <pathelement location="${tests.libs}\Commons Lang\commons-lang3-3.2.1.jar" />
                <pathelement location="${tests.libs}\JUnit\junit-4.11.jar" />
                <pathelement location="${tests.libs}\JUnit\hamcrest-core-1.3.jar" />
            </classpath>

            <formatter type="xml" />

            <batchtest fork="yes" todir="${tests.report}">
                <fileset dir="${tests.src}">
                    <include name="**/Test*.java" />
                </fileset>
            </batchtest>

        </junit>
    </target>

</project>
